[16:06:43][INFO ](ContextLoader.java:307) - Root WebApplicationContext: initialization started
[16:06:44][INFO ](AbstractApplicationContext.java:578) - Refreshing Root WebApplicationContext: startup date [Wed Dec 16 16:06:44 KST 2020]; root of context hierarchy
[16:06:44][INFO ](XmlBeanDefinitionReader.java:317) - Loading XML bean definitions from ServletContext resource [/WEB-INF/spring/root-context.xml]
[16:06:44][INFO ](ContextLoader.java:347) - Root WebApplicationContext: initialization completed in 924 ms
[16:06:44][INFO ](FrameworkServlet.java:489) - FrameworkServlet 'appServlet': initialization started
[16:06:44][INFO ](AbstractApplicationContext.java:578) - Refreshing WebApplicationContext for namespace 'appServlet-servlet': startup date [Wed Dec 16 16:06:44 KST 2020]; parent: Root WebApplicationContext
[16:06:44][INFO ](XmlBeanDefinitionReader.java:317) - Loading XML bean definitions from ServletContext resource [/WEB-INF/spring/appServlet/servlet-context.xml]
[16:06:45][INFO ](AutowiredAnnotationBeanPostProcessor.java:153) - JSR-330 'javax.inject.Inject' annotation found and supported for autowiring
[16:06:45][INFO ](AbstractHandlerMethodMapping.java:527) - Mapped "{[/brInsert.do],methods=[GET]}" onto public org.springframework.web.servlet.ModelAndView com.kh.soomc.board.controller.BoardReplyController.boardReplyInsert(java.lang.String,int,com.kh.soomc.board.model.domain.BoardReply,org.springframework.web.servlet.ModelAndView)
[16:06:45][INFO ](AbstractHandlerMethodMapping.java:527) - Mapped "{[/brUpdate.do],methods=[POST]}" onto public void com.kh.soomc.board.controller.BoardReplyController.boardReplyUpdate(javax.servlet.http.HttpServletResponse,com.kh.soomc.board.model.domain.BoardReply)
[16:06:45][INFO ](AbstractHandlerMethodMapping.java:527) - Mapped "{[/brDelete.do],methods=[POST]}" onto public void com.kh.soomc.board.controller.BoardReplyController.boardReplyDelete(javax.servlet.http.HttpServletResponse,com.kh.soomc.board.model.domain.BoardReply)
[16:06:45][INFO ](AbstractHandlerMethodMapping.java:527) - Mapped "{[/writerForm.do],methods=[GET]}" onto public java.lang.String com.kh.soomc.board.controller.BoardController.boardInsertForm(org.springframework.web.servlet.ModelAndView)
[16:06:45][INFO ](AbstractHandlerMethodMapping.java:527) - Mapped "{[/bInsert.do],methods=[POST]}" onto public org.springframework.web.servlet.ModelAndView com.kh.soomc.board.controller.BoardController.boardInsert(com.kh.soomc.board.model.domain.Board,org.springframework.web.multipart.MultipartFile,javax.servlet.http.HttpServletRequest,org.springframework.web.servlet.ModelAndView)
[16:06:45][INFO ](AbstractHandlerMethodMapping.java:527) - Mapped "{[/bList.do]}" onto public org.springframework.web.servlet.ModelAndView com.kh.soomc.board.controller.BoardController.boardListService(int,java.lang.String,org.springframework.web.servlet.ModelAndView)
[16:06:45][INFO ](AbstractHandlerMethodMapping.java:527) - Mapped "{[/bRenew.do],methods=[GET]}" onto public org.springframework.web.servlet.ModelAndView com.kh.soomc.board.controller.BoardController.boardDetail(java.lang.String,org.springframework.web.servlet.ModelAndView)
[16:06:45][INFO ](AbstractHandlerMethodMapping.java:527) - Mapped "{[/bDetail.do],methods=[GET]}" onto public org.springframework.web.servlet.ModelAndView com.kh.soomc.board.controller.BoardController.boardDetail(java.lang.String,int,org.springframework.web.servlet.ModelAndView)
[16:06:45][INFO ](AbstractHandlerMethodMapping.java:527) - Mapped "{[/bUpdate.do],methods=[POST]}" onto public org.springframework.web.servlet.ModelAndView com.kh.soomc.board.controller.BoardController.boardUpdate(com.kh.soomc.board.model.domain.Board,int,org.springframework.web.multipart.MultipartFile,javax.servlet.http.HttpServletRequest,org.springframework.web.servlet.ModelAndView)
[16:06:45][INFO ](AbstractHandlerMethodMapping.java:527) - Mapped "{[/bDelete.do],methods=[GET]}" onto public org.springframework.web.servlet.ModelAndView com.kh.soomc.board.controller.BoardController.boardDelete(java.lang.String,int,javax.servlet.http.HttpServletRequest,org.springframework.web.servlet.ModelAndView)
[16:06:45][INFO ](AbstractHandlerMethodMapping.java:527) - Mapped "{[/],methods=[GET]}" onto public java.lang.String com.kh.soomc.HomeController.home(java.util.Locale,org.springframework.ui.Model)
[16:06:45][INFO ](RequestMappingHandlerAdapter.java:532) - Looking for @ControllerAdvice: WebApplicationContext for namespace 'appServlet-servlet': startup date [Wed Dec 16 16:06:44 KST 2020]; parent: Root WebApplicationContext
[16:06:45][INFO ](RequestMappingHandlerAdapter.java:532) - Looking for @ControllerAdvice: WebApplicationContext for namespace 'appServlet-servlet': startup date [Wed Dec 16 16:06:44 KST 2020]; parent: Root WebApplicationContext
[16:06:45][INFO ](AbstractUrlHandlerMapping.java:341) - Mapped URL path [/resources/**] onto handler 'org.springframework.web.servlet.resource.ResourceHttpRequestHandler#0'
[16:06:45][INFO ](FrameworkServlet.java:508) - FrameworkServlet 'appServlet': initialization completed in 818 ms
